2026-03-25 - 11:19:42
Workflow 'Update workflow.' started.
              Using DaVinci Configurator  5.18.37 SP1 (x86_64).
 11:19:42 - Action 'Validate workflow environment' started.
 11:19:42 - Action 'Validate dpa file' started.
 11:19:43 - Action 'Validate dpa file' successfully finished.
 11:19:43 - Action 'SLP conformance check' started.
 11:19:43 - Action 'SLP conformance check' successfully finished.
 11:19:43 - Action 'Validate workflow environment' successfully finished.
 11:19:43 - Action 'Create copy of the Project' started.
              Copy project 'D:\AUTOSAR_TOOLs\S32K144_SIP\MICROSAR\CBD1800257_D01_S32K1xx\Applications\S32K144_Start_new_IAR' to 'C:\Users\Administrator\AppData\Local\Temp\DaVinci\Cfg-2348036\Workflow\1774408783571-0'...
              Adjusting DPA file of copied project...
 11:19:43 - Action 'Create copy of the Project' successfully finished.
 11:19:43 - Action 'Close Project' started.
 11:19:43 - Action 'Close Project' successfully finished.
 11:19:48 - Action 'Prepare System Extract' started.
 11:19:48 - Action 'Preprocessing System Extract' started.
 11:19:48 - Action 'Preprocessing System Extract' successfully finished.
 11:19:48 - Action 'Create OEM Communication Extract' started.
 11:19:48 - Action 'Create OEM Communication Extract' successfully finished.
 11:19:48 - Action 'Prepare System Extract' successfully finished.
 11:19:48 - Action 'Updating the project' started.
 11:19:49 - Action 'Create ECU configuration' started.
              [Warning] COM52013: No transmission mode declared for the ISignalIPdu.
                          Extract Path: /PDU/msg_Transmit2_oCAN00
                          Ecuc    Path: /Com/ComConfig/msg_Transmit2_oCAN00_97205322_Tx/ComTxIPdu.
 11:19:52 - Action 'Create ECU configuration' successfully finished with warnings.
                 [Warning] COM52013: No transmission mode declared for the ISignalIPdu.
                     Extract Path: /PDU/msg_Transmit2_oCAN00
                     Ecuc    Path: /Com/ComConfig/msg_Transmit2_oCAN00_97205322_Tx/ComTxIPdu.
 11:19:52 - Action 'Update ECU configuration' started.
 11:19:52 - Action 'Update ECU configuration' started.
 11:19:55 - Action 'Update ECU configuration' successfully finished.
 11:19:55 - Action 'Update ECU configuration' successfully finished.
 11:19:55 - Action 'Updating the project' finished.
 11:19:55 - Action 'Adapt project file' started.
 11:19:55 - Action 'Adapt project file' successfully finished.
 11:19:55 - Action 'Generate update report' started.
 11:19:59 - Action 'Generate update report' successfully finished.
 11:19:59 - Action 'Execute Solving Actions' started.
              Executing Auto-Solving-Actions...
              Auto-Solving-Actions done.
              Executing update specific Preferred-Solving-Actions...
              Update specific Preferred-Solving-Actions done.
 11:20:01 - Action 'Execute Solving Actions' successfully finished.
 11:20:01 - Action 'Update RTE configuration' started.
 11:20:02 - Action 'Update RTE configuration' successfully finished.
 11:20:02 - Action 'Align differences after successful update' started.
 11:20:02 - Action 'Align differences after successful update' successfully finished.
 11:20:02 - Action 'Clean up update data' started.
 11:20:02 - Action 'Clean up update data' successfully finished.
11:20:03 - Workflow 'Update workflow.' finished.
